<?xml version="1.0" encoding="UTF-8"?>
<!-- Generated by org.testng.reporters.JUnitXMLReporter -->
<testsuite hostname="shivam.agarwal" ignored="0" name="Default test" tests="5" failures="0" timestamp="05 Mar 2019 05:12:19 GMT" time="7.964" errors="0">
  <testcase name="Grid" time="0.52" classname="Test.TestTatoc"/>
  <testcase name="Frame" time="2.382" classname="Test.TestTatoc"/>
  <testcase name="DragDrop" time="0.646" classname="Test.TestTatoc"/>
  <testcase name="WindowPopup" time="1.473" classname="Test.TestTatoc"/>
  <testcase name="CookieHandling" time="0.751" classname="Test.TestTatoc"/>
</testsuite> <!-- Default test -->
